Base path: /Applications/Unity/Unity.app/Contents
Pipe name: \\.\pipe\UnityShaderCompiler-1--1603296856
Cmd: getPlatforms
Cmd: preprocess
  insize=437 outsize=1183 ok=1
Cmd: compileSnippet
  api=0 type=0 insize=4279 outsize=919 kw=DIRECTIONAL SHADOWS_OFF LIGHTMAP_OFF DIRLIGHTMAP_OFF ok=1
Cmd: compileSnippet
  api=0 type=1 insize=4279 outsize=360 kw=DIRECTIONAL SHADOWS_OFF LIGHTMAP_OFF DIRLIGHTMAP_OFF ok=1
Cmd: compileSnippet
  api=0 type=0 insize=2255 outsize=817 kw=POINT ok=1
Cmd: compileSnippet
  api=0 type=1 insize=2255 outsize=536 kw=POINT ok=1
Cmd: compileSnippet
  api=0 type=0 insize=1783 outsize=457 kw= ok=1
Cmd: compileSnippet
  api=0 type=1 insize=1783 outsize=159 kw= ok=1
Cmd: compileSnippet
  api=0 type=0 insize=3996 outsize=905 kw=LIGHTMAP_OFF DIRLIGHTMAP_OFF HDR_LIGHT_PREPASS_OFF ok=1
Cmd: compileSnippet
  api=0 type=1 insize=3996 outsize=297 kw=LIGHTMAP_OFF DIRLIGHTMAP_OFF HDR_LIGHT_PREPASS_OFF ok=1
Cmd: preprocess
  insize=708 outsize=985 ok=1
Cmd: compileSnippet
  api=0 type=0 insize=4455 outsize=919 kw=DIRECTIONAL LIGHTMAP_OFF DIRLIGHTMAP_OFF ok=1
Cmd: compileSnippet
  api=0 type=1 insize=4455 outsize=424 kw=DIRECTIONAL LIGHTMAP_OFF DIRLIGHTMAP_OFF ok=1
Cmd: compileSnippet
  api=0 type=0 insize=2413 outsize=817 kw=POINT ok=1
Cmd: compileSnippet
  api=0 type=1 insize=2413 outsize=594 kw=POINT ok=1
Cmd: preprocess
  insize=708 outsize=985 ok=1
Cmd: compileSnippet
  api=0 type=0 insize=2413 outsize=560 kw=DIRECTIONAL ok=1
Cmd: compileSnippet
  api=0 type=1 insize=2413 outsize=411 kw=DIRECTIONAL ok=1
Cmd: preprocess
  insize=745 outsize=1216 ok=1
Cmd: compileSnippet
  api=0 type=0 insize=4554 outsize=919 kw=DIRECTIONAL SHADOWS_OFF LIGHTMAP_OFF DIRLIGHTMAP_OFF ok=1
Cmd: compileSnippet
  api=0 type=1 insize=4554 outsize=439 kw=DIRECTIONAL SHADOWS_OFF LIGHTMAP_OFF DIRLIGHTMAP_OFF ok=1
Cmd: compileSnippet
  api=0 type=0 insize=2530 outsize=817 kw=POINT ok=1
Cmd: compileSnippet
  api=0 type=1 insize=2530 outsize=605 kw=POINT ok=1
Cmd: compileSnippet
  api=0 type=0 insize=2058 outsize=457 kw= ok=1
Cmd: compileSnippet
  api=0 type=1 insize=2058 outsize=159 kw= ok=1
Cmd: compileSnippet
  api=0 type=0 insize=4271 outsize=905 kw=LIGHTMAP_OFF DIRLIGHTMAP_OFF HDR_LIGHT_PREPASS_OFF ok=1
Cmd: compileSnippet
  api=0 type=1 insize=4271 outsize=392 kw=LIGHTMAP_OFF DIRLIGHTMAP_OFF HDR_LIGHT_PREPASS_OFF ok=1
Cmd: preprocess
  insize=745 outsize=1216 ok=1
Cmd: compileSnippet
  api=0 type=0 insize=2530 outsize=560 kw=DIRECTIONAL ok=1
Cmd: compileSnippet
  api=0 type=1 insize=2530 outsize=424 kw=DIRECTIONAL ok=1
Cmd: preprocess
  insize=842 outsize=1332 ok=1
Cmd: compileSnippet
  api=0 type=0 insize=4535 outsize=919 kw=DIRECTIONAL SHADOWS_OFF LIGHTMAP_OFF DIRLIGHTMAP_OFF ok=1
Cmd: compileSnippet
  api=0 type=1 insize=4535 outsize=550 kw=DIRECTIONAL SHADOWS_OFF LIGHTMAP_OFF DIRLIGHTMAP_OFF ok=1
Cmd: compileSnippet
  api=0 type=0 insize=2511 outsize=817 kw=POINT ok=1
Cmd: compileSnippet
  api=0 type=1 insize=2511 outsize=741 kw=POINT ok=1
Cmd: compileSnippet
  api=0 type=0 insize=2039 outsize=457 kw= ok=1
Cmd: compileSnippet
  api=0 type=1 insize=2039 outsize=159 kw= ok=1
Cmd: compileSnippet
  api=0 type=0 insize=4252 outsize=905 kw=LIGHTMAP_OFF DIRLIGHTMAP_OFF HDR_LIGHT_PREPASS_OFF ok=1
Cmd: compileSnippet
  api=0 type=1 insize=4252 outsize=536 kw=LIGHTMAP_OFF DIRLIGHTMAP_OFF HDR_LIGHT_PREPASS_OFF ok=1
Cmd: compileSnippet
  api=0 type=0 insize=2511 outsize=560 kw=DIRECTIONAL ok=1
Cmd: compileSnippet
  api=0 type=1 insize=2511 outsize=561 kw=DIRECTIONAL ok=1
Cmd: preprocess
  insize=745 outsize=1216 ok=1
Cmd: preprocess
  insize=1149 outsize=575 ok=1
Cmd: compileSnippet
  api=0 type=0 insize=781 outsize=963 kw= ok=1
Cmd: preprocess
  insize=708 outsize=985 ok=1
Cmd: preprocess
  insize=429 outsize=1175 ok=1
Cmd: preprocess
  insize=708 outsize=345 ok=1
